<component name="libraryTable">
  <library name="junit_formatter" type="mix">
    <CLASSES>
      <root url="file://$PROJECT_DIR$/../homelab_umbrella/_build/dev/consolidated" />
      <root url="file://$PROJECT_DIR$/../homelab_umbrella/_build/test/lib/junit_formatter/ebin" />
      <root url="file://$PROJECT_DIR$/../homelab_umbrella/_build/test/consolidated" />
      <root url="file://$PROJECT_DIR$/../homelab_umbrella/_build/dev/consolidated" />
      <root url="file://$PROJECT_DIR$/../homelab_umbrella/_build/test/lib/junit_formatter/ebin" />
      <root url="file://$PROJECT_DIR$/../homelab_umbrella/_build/test/consolidated" />
      <root url="file://$PROJECT_DIR$/../homelab_umbrella/_build/dev/consolidated" />
      <root url="file://$PROJECT_DIR$/../homelab_umbrella/_build/test/lib/junit_formatter/ebin" />
      <root url="file://$PROJECT_DIR$/../homelab_umbrella/_build/test/consolidated" />
    </CLASSES>
    <JAVADOC />
    <SOURCES>
      <root url="file://$PROJECT_DIR$/../homelab_umbrella/deps/junit_formatter/lib" />
      <root url="file://$PROJECT_DIR$/../homelab_umbrella/deps/junit_formatter/lib" />
      <root url="file://$PROJECT_DIR$/../homelab_umbrella/deps/junit_formatter/lib" />
    </SOURCES>
  </library>
</component>